<?xml version="1.0" encoding="UTF-8"?>
<!-- Generated by org.testng.reporters.JUnitXMLReporter -->
<testsuite ignored="1" hostname="DESKTOP-K1IJUS5" failures="0" tests="1" name="Default test" time="12.923" errors="0" timestamp="2024-06-27T17:30:44 EDT">
  <testcase classname="com.automation.tests.RandomScenerios" name="weeklyReccurance" time="10.324"/>
  <testcase classname="com.automation.tests.RandomScenerios" name="editedLastName" time="0.0">
    <ignored/>
  </testcase> <!-- editedLastName -->
</testsuite> <!-- Default test -->
