<?xml version="1.0" encoding="UTF-8"?>
<testng-results ignored="1" total="2" passed="1" failed="0" skipped="0">
  <reporter-output>
  </reporter-output>
  <suite started-at="2024-06-27T17:30:31 EDT" name="Default suite" finished-at="2024-06-27T17:30:44 EDT" duration-ms="12923">
    <groups>
    </groups>
    <test started-at="2024-06-27T17:30:31 EDT" name="Default test" finished-at="2024-06-27T17:30:44 EDT" duration-ms="12923">
      <class name="com.automation.tests.RandomScenerios">
        <test-method is-config="true" signature="setUpBeforeMethod(java.lang.String)[pri:0, instance:com.automation.tests.RandomScenerios@2c1b9e4b]" started-at="2024-06-27T17:30:31 EDT" name="setUpBeforeMethod" finished-at="2024-06-27T17:30:34 EDT" duration-ms="2543" status="PASS">
          <params>
            <param index="0">
              <value>
                <![CDATA[chrome]]>
              </value>
            </param>
          </params>
          <reporter-output>
          </reporter-output>
        </test-method> <!-- setUpBeforeMethod -->
        <test-method signature="weeklyReccurance()[pri:0, instance:com.automation.tests.RandomScenerios@2c1b9e4b]" started-at="2024-06-27T17:30:34 EDT" name="weeklyReccurance" finished-at="2024-06-27T17:30:44 EDT" duration-ms="10324" status="PASS">
          <reporter-output>
          </reporter-output>
        </test-method> <!-- weeklyReccurance -->
      </class> <!-- com.automation.tests.RandomScenerios -->
    </test> <!-- Default test -->
  </suite> <!-- Default suite -->
</testng-results>
